#
# An unexpected error has been detected by Java Runtime Environment:
#
#  EXCEPTION_ACCESS_VIOLATION (0xc0000005) at pc=0x000000007a69d0e0, pid=5000, tid=6660
#
# Java VM: Java HotSpot(TM) 64-Bit Server VM (11.2-b01 mixed mode windows-amd64)
# Problematic frame:
# C  0x000000007a69d0e0
#
# If you would like to submit a bug report, please visit:
#   http://java.sun.com/webapps/bugreport/crash.jsp
# The crash happened outside the Java Virtual Machine in native code.
# See problematic frame for where to report the bug.
#

---------------  T H R E A D  ---------------

Current thread (0x000000002f486c00):  JavaThread "AWT-EventQueue-0" [_thread_in_native, id=6660, stack(0x0000000033330000,0x00000000333b0000)]

siginfo: ExceptionCode=0xc0000005, reading address 0x0000000000000008

Registers:
EAX=0x000000000000000d, EBX=0x000000002f486dc0, ECX=0x0000000000000000, EDX=0xffffffffaa011bf4
ESP=0x00000000333ae5b8, EBP=0x0000000036395460, ESI=0x000000002f486dc0, EDI=0x0000000030854ca0
EIP=0x000000007a69d0e0, EFLAGS=0x0000000000010202

Top of Stack: (sp=0x00000000333ae5b8)
0x00000000333ae5b8:   000000007a645acc 0000000000000000
0x00000000333ae5c8:   000000002f486dc0 0000000036395460
0x00000000333ae5d8:   000000002f486dc0 0000001700000001
0x00000000333ae5e8:   000000002f486dc0 0000000000000000
0x00000000333ae5f8:   000000007a623810 000000002f486dc0
0x00000000333ae608:   00000000333aecb0 00000000333aec88
0x00000000333ae618:   0000000036395460 00000000135360e1
0x00000000333ae628:   000000007a642381 0000000013ca5048
0x00000000333ae638:   00000000333aec90 0000000000000000
0x00000000333ae648:   00000000333aec88 0000000000000000
0x00000000333ae658:   0000000000000014 000000001002eff8
0x00000000333ae668:   0000000024136ab0 0000000000000014
0x00000000333ae678:   000000001002f024 0000000000000000
0x00000000333ae688:   0000000000000000 000000001340bfb4
0x00000000333ae698:   00000000333ae6d8 000000170000055a
0x00000000333ae6a8:   000000001c10fdd0 0000000024136ab0 

Instructions: (pc=0x000000007a69d0e0)
0x000000007a69d0d0:   48 8b 41 08 48 8b 80 18 0c 00 00 c3 cc cc cc cc
0x000000007a69d0e0:   48 8b 49 08 48 85 c9 74 05 e9 b2 ee fd ff 33 c0 


Stack: [0x0000000033330000,0x00000000333b0000],  sp=0x00000000333ae5b8,  free space=505k
Native frames: (J=compiled Java code, j=interpreted, Vv=VM code, C=native code)
C  0x000000007a69d0e0

Java frames: (J=compiled Java code, j=interpreted, Vv=VM code)
J  sun.java2d.windows.GDIBlitLoops.nativeBlit(Lsun/java2d/SurfaceData;Lsun/java2d/SurfaceData;Lsun/java2d/pipe/Region;IIIIIIIIIZ)V
J  sun.java2d.windows.GDIBlitLoops.Blit(Lsun/java2d/SurfaceData;Lsun/java2d/SurfaceData;Ljava/awt/Composite;Lsun/java2d/pipe/Region;IIIIII)V
J  sun.java2d.pipe.DrawImage.copyImage(Lsun/java2d/SunGraphics2D;Ljava/awt/Image;IILjava/awt/Color;Ljava/awt/image/ImageObserver;)Z
j  sun.java2d.pipe.ValidatePipe.copyImage(Lsun/java2d/SunGraphics2D;Ljava/awt/Image;IILjava/awt/Color;Ljava/awt/image/ImageObserver;)Z+21
J  javax.swing.RepaintManager$PaintManager.paintDoubleBuffered(Ljavax/swing/JComponent;Ljava/awt/Image;Ljava/awt/Graphics;IIII)V
J  javax.swing.BufferStrategyPaintManager.paint(Ljavax/swing/JComponent;Ljavax/swing/JComponent;Ljava/awt/Graphics;IIII)Z
J  javax.swing.JComponent.paint(Ljava/awt/Graphics;)V
j  java.awt.GraphicsCallback$PaintCallback.run(Ljava/awt/Component;Ljava/awt/Graphics;)V+2
j  sun.awt.SunGraphicsCallback.runOneComponent(Ljava/awt/Component;Ljava/awt/Rectangle;Ljava/awt/Graphics;Ljava/awt/Shape;I)V+155
j  sun.awt.SunGraphicsCallback.runComponents([Ljava/awt/Component;Ljava/awt/Graphics;I)V+104
j  java.awt.Container.paint(Ljava/awt/Graphics;)V+73
J  javax.swing.RepaintManager.paintDirtyRegions(Ljava/util/Map;)V
j  javax.swing.RepaintManager.paintDirtyRegions()V+46
j  javax.swing.RepaintManager.seqPaintDirtyRegions()V+73
j  javax.swing.SystemEventQueueUtilities$ComponentWorkRequest.run()V+36
J  java.awt.EventDispatchThread.pumpOneEventForFilters(I)Z
J  java.awt.EventDispatchThread.pumpEventsForFilter(ILjava/awt/Conditional;Ljava/awt/EventFilter;)V
j  java.awt.EventDispatchThread.pumpEventsForHierarchy(ILjava/awt/Conditional;Ljava/awt/Component;)V+11
j  java.awt.EventDispatchThread.pumpEvents(ILjava/awt/Conditional;)V+4
j  java.awt.EventDispatchThread.pumpEvents(Ljava/awt/Conditional;)V+3
j  java.awt.EventDispatchThread.run()V+9
v  ~StubRoutines::call_stub

---------------  P R O C E S S  ---------------

Java Threads: ( => current thread )
  0x000000003042c000 JavaThread "Image Fetcher 0" daemon [_thread_blocked, id=10412, stack(0x0000000007df0000,0x0000000007e70000)]
  0x000000003042ac00 JavaThread "Thread-25" [_thread_blocked, id=8536, stack(0x0000000035500000,0x0000000035580000)]
  0x000000003042a400 JavaThread "Thread-24" [_thread_blocked, id=2912, stack(0x0000000035480000,0x0000000035500000)]
  0x000000003042a000 JavaThread "Thread-23" [_thread_blocked, id=5356, stack(0x0000000035400000,0x0000000035480000)]
  0x0000000030429800 JavaThread "Thread-21" [_thread_blocked, id=7164, stack(0x0000000034380000,0x0000000034400000)]
  0x000000003092fc00 JavaThread "Active Reference Queue Daemon" daemon [_thread_blocked, id=6168, stack(0x0000000034300000,0x0000000034380000)]
  0x000000003092f400 JavaThread "Timer-12" daemon [_thread_blocked, id=1036, stack(0x0000000034280000,0x0000000034300000)]
  0x000000003092e400 JavaThread "FelixPackageAdmin" daemon [_thread_blocked, id=3168, stack(0x0000000034180000,0x0000000034200000)]
  0x000000003092e000 JavaThread "FelixStartLevel" daemon [_thread_blocked, id=8584, stack(0x0000000034100000,0x0000000034180000)]
  0x000000003092d800 JavaThread "FelixDispatchQueue" daemon [_thread_blocked, id=5960, stack(0x0000000034080000,0x0000000034100000)]
  0x000000003092c800 JavaThread "Timer-11" daemon [_thread_blocked, id=8860, stack(0x0000000033f00000,0x0000000033f80000)]
  0x0000000030930000 JavaThread "Prefs Updater" daemon [_thread_blocked, id=9016, stack(0x0000000033b40000,0x0000000033bc0000)]
  0x000000002f487000 JavaThread "Timer-1" [_thread_blocked, id=9012, stack(0x0000000033830000,0x00000000338b0000)]
  0x000000002f81a800 JavaThread "TimerQueue" daemon [_thread_blocked, id=5540, stack(0x00000000333b0000,0x0000000033430000)]
=>0x000000002f486c00 JavaThread "AWT-EventQueue-0" [_thread_in_native, id=6660, stack(0x0000000033330000,0x00000000333b0000)]
  0x0000000030468400 JavaThread "AWT-Shutdown" [_thread_blocked, id=5536, stack(0x000000002fbb0000,0x000000002fc30000)]
  0x000000002f3c5000 JavaThread "AWT-Windows" daemon [_thread_in_native, id=6128, stack(0x000000002fb30000,0x000000002fbb0000)]
  0x000000002f37f800 JavaThread "Java2D Disposer" daemon [_thread_blocked, id=4408, stack(0x000000002fa30000,0x000000002fab0000)]
  0x000000002ef3b800 JavaThread "Timer-0" [_thread_blocked, id=8728, stack(0x000000000ef40000,0x000000000efc0000)]
  0x000000002ee79800 JavaThread "JMI Unnamed Thread" [_thread_in_native, id=2244, stack(0x0000000008380000,0x0000000009380000)]
  0x000000000ec21000 JavaThread "Low Memory Detector" daemon [_thread_blocked, id=1300, stack(0x000000000eec0000,0x000000000ef40000)]
  0x000000000ec1fc00 JavaThread "CompilerThread1" daemon [_thread_blocked, id=8936, stack(0x000000002cd40000,0x000000002dd40000)]
  0x000000000ec18400 JavaThread "CompilerThread0" daemon [_thread_blocked, id=8136, stack(0x000000002bd40000,0x000000002cd40000)]
  0x000000000ec10000 JavaThread "Attach Listener" daemon [_thread_blocked, id=6304, stack(0x000000000ee40000,0x000000000eec0000)]
  0x000000000197ec00 JavaThread "Finalizer" daemon [_thread_blocked, id=8420, stack(0x000000000edc0000,0x000000000ee40000)]
  0x000000000197e000 JavaThread "Reference Handler" daemon [_thread_blocked, id=3396, stack(0x000000000ed40000,0x000000000edc0000)]
  0x00000000018c7000 JavaThread "main" [_thread_in_native, id=2720, stack(0x0000000000030000,0x0000000001030000)]

Other Threads:
  0x000000000197cc00 VMThread [stack: 0x000000002ad40000,0x000000002bd40000] [id=8088]
  0x000000000ec4c800 WatcherThread [stack: 0x000000002dd40000,0x000000002ed40000] [id=4308]

VM state:not at safepoint (normal execution)

VM Mutex/Monitor currently owned by a thread: None

Heap
 PSYoungGen      total 21632K, used 14940K [0x0000000023c40000, 0x0000000025ef0000, 0x0000000026d40000)
  eden space 9600K, 54% used [0x0000000023c40000,0x0000000024151778,0x00000000245a0000)
  from space 12032K, 81% used [0x00000000245a0000,0x0000000024f25988,0x0000000025160000)
  to   space 12928K, 0% used [0x0000000025250000,0x0000000025250000,0x0000000025ef0000)
 PSOldGen        total 135552K, used 121206K [0x000000001a940000, 0x0000000022da0000, 0x0000000023c40000)
  object space 135552K, 89% used [0x000000001a940000,0x0000000021f9da88,0x0000000022da0000)
 PSPermGen       total 72640K, used 56212K [0x0000000012940000, 0x0000000017030000, 0x000000001a940000)
  object space 72640K, 77% used [0x0000000012940000,0x00000000160253b8,0x0000000017030000)

Dynamic libraries:
0x0000000140000000 - 0x000000014002a000 	C:\Program Files\MATLAB\R2010a\bin\win64\MATLAB.exe
0x0000000076d50000 - 0x0000000076ef9000 	C:\Windows\SYSTEM32\ntdll.dll
0x0000000076b30000 - 0x0000000076c4f000 	C:\Windows\system32\kernel32.dll
0x000007fefcbc0000 - 0x000007fefcc2c000 	C:\Windows\system32\KERNELBASE.dll
0x000000007ce80000 - 0x000000007cf96000 	C:\Program Files\MATLAB\R2010a\bin\win64\libut.dll
0x000007fefeb70000 - 0x000007fefeb89000 	C:\Windows\system32\imagehlp.dll
0x000007fefe6b0000 - 0x000007fefe74f000 	C:\Windows\system32\msvcrt.dll
0x000007fefec10000 - 0x000007fefeceb000 	C:\Windows\system32\ADVAPI32.dll
0x000007fefe1c0000 - 0x000007fefe1df000 	C:\Windows\SYSTEM32\sechost.dll
0x000007fefe750000 - 0x000007fefe87d000 	C:\Windows\system32\RPCRT4.dll
0x0000000076f10000 - 0x0000000076f17000 	C:\Windows\system32\PSAPI.DLL
0x000000007d660000 - 0x000000007d688000 	C:\Program Files\MATLAB\R2010a\bin\win64\LIBEXPAT.dll
0x000000006ba50000 - 0x000000006bb19000 	C:\Windows\WinSxS\amd64_microsoft.vc80.crt_1fc8b3b9a1e18e3b_8.0.50727.6229_none_88dcc0bf2fb1b808\MSVCR80.dll
0x000000007d380000 - 0x000000007d4ac000 	C:\Program Files\MATLAB\R2010a\bin\win64\icuuc40.dll
0x000000007c8b0000 - 0x000000007c8b3000 	C:\Program Files\MATLAB\R2010a\bin\win64\icudt40.dll
0x000000007c8c0000 - 0x000000007c8d0000 	C:\Program Files\MATLAB\R2010a\bin\win64\icuio40.dll
0x000000007cb00000 - 0x000000007cc53000 	C:\Program Files\MATLAB\R2010a\bin\win64\icuin40.dll
0x000000006b940000 - 0x000000006ba49000 	C:\Windows\WinSxS\amd64_microsoft.vc80.crt_1fc8b3b9a1e18e3b_8.0.50727.6229_none_88dcc0bf2fb1b808\MSVCP80.dll
0x0000000076c50000 - 0x0000000076d4a000 	C:\Windows\system32\USER32.dll
0x000007fefe0b0000 - 0x000007fefe117000 	C:\Windows\system32\GDI32.dll
0x000007fefcec0000 - 0x000007fefcece000 	C:\Windows\system32\LPK.dll
0x000007fefeaa0000 - 0x000007fefeb69000 	C:\Windows\system32\USP10.dll
0x0000000078930000 - 0x0000000078a4e000 	C:\Program Files\MATLAB\R2010a\bin\win64\libmwfl.dll
0x00000000788c0000 - 0x00000000788fe000 	C:\Program Files\MATLAB\R2010a\bin\win64\tbb.dll
0x000000007e960000 - 0x000000007e96f000 	C:\Program Files\MATLAB\R2010a\bin\win64\boost_date_time-vc80-mt-1_36.dll
0x000000007ebf0000 - 0x000000007ec0d000 	C:\Program Files\MATLAB\R2010a\bin\win64\boost_filesystem-vc80-mt-1_36.dll
0x000000007dbd0000 - 0x000000007dbd9000 	C:\Program Files\MATLAB\R2010a\bin\win64\boost_system-vc80-mt-1_36.dll
0x000000007e940000 - 0x000000007e956000 	C:\Program Files\MATLAB\R2010a\bin\win64\boost_signals-vc80-mt-1_36.dll
0x000000007c890000 - 0x000000007c8a1000 	C:\Program Files\MATLAB\R2010a\bin\win64\boost_thread-vc80-mt-1_36.dll
0x000000007d010000 - 0x000000007d298000 	C:\Program Files\MATLAB\R2010a\bin\win64\libmwservices.dll
0x000000007cfa0000 - 0x000000007d00d000 	C:\Program Files\MATLAB\R2010a\bin\win64\libmx.dll
0x00000000792b0000 - 0x00000000792c7000 	C:\Program Files\MATLAB\R2010a\bin\win64\zlib1.dll
0x000000007d2a0000 - 0x000000007d37c000 	C:\Program Files\MATLAB\R2010a\bin\win64\libmwmathutil.dll
0x000000007a9b0000 - 0x000000007aa0e000 	C:\Program Files\MATLAB\R2010a\bin\win64\mpath.dll
0x000000007d690000 - 0x000000007d812000 	C:\Program Files\MATLAB\R2010a\bin\win64\mlutil.dll
0x000000007e860000 - 0x000000007e8ec000 	C:\Program Files\MATLAB\R2010a\bin\win64\xmlcore.dll
0x000000007a320000 - 0x000000007a5b5000 	C:\Program Files\MATLAB\R2010a\bin\win64\xerces-c_2_7.dll
0x000007fefe1e0000 - 0x000007fefe22d000 	C:\Windows\system32\WS2_32.dll
0x000007fefea90000 - 0x000007fefea98000 	C:\Windows\system32\NSI.dll
0x000007fefced0000 - 0x000007fefdc59000 	C:\Windows\system32\SHELL32.dll
0x000007fefeb90000 - 0x000007fefec01000 	C:\Windows\system32\SHLWAPI.dll
0x000007fef8a50000 - 0x000007fef8af0000 	C:\Windows\WinSxS\amd64_microsoft.windows.common-controls_6595b64144ccf1df_5.82.7601.18837_none_a4d981ff711297b6\COMCTL32.dll
0x000007fefe120000 - 0x000007fefe1b7000 	C:\Windows\system32\comdlg32.dll
0x000007fef9b70000 - 0x000007fef9b86000 	C:\Windows\system32\NETAPI32.dll
0x000007fef9b60000 - 0x000007fef9b6c000 	C:\Windows\system32\netutils.dll
0x000007fefc550000 - 0x000007fefc573000 	C:\Windows\system32\srvcli.dll
0x000007fef9b40000 - 0x000007fef9b55000 	C:\Windows\system32\wkscli.dll
0x000000007ad90000 - 0x000000007ae2e000 	C:\Program Files\MATLAB\R2010a\bin\win64\mcr.dll
0x0000000001310000 - 0x0000000001335000 	C:\Program Files\MATLAB\R2010a\bin\win64\libmwi18n.dll
0x000000007c8d0000 - 0x000000007c983000 	C:\Program Files\MATLAB\R2010a\bin\win64\iqm.dll
0x000000007b500000 - 0x000000007bdb0000 	C:\Program Files\MATLAB\R2010a\bin\win64\m_interpreter.dll
0x000000007c9b0000 - 0x000000007c9c6000 	C:\Program Files\MATLAB\R2010a\bin\win64\libmex.dll
0x000000007abf0000 - 0x000000007aca4000 	C:\Program Files\MATLAB\R2010a\bin\win64\m_dispatcher.dll
0x000000007ead0000 - 0x000000007ebc1000 	C:\Program Files\MATLAB\R2010a\bin\win64\boost_regex-vc80-mt-1_36.dll
0x000000007aa90000 - 0x000000007ab27000 	C:\Program Files\MATLAB\R2010a\bin\win64\profiler.dll
0x000000007ca40000 - 0x000000007ca71000 	C:\Program Files\MATLAB\R2010a\bin\win64\libmwmathrng.dll
0x0000000079200000 - 0x000000007921a000 	C:\Program Files\MATLAB\R2010a\bin\win64\m_pcodeio.dll
0x000000007a960000 - 0x000000007a9ad000 	C:\Program Files\MATLAB\R2010a\bin\win64\m_ir.dll
0x000000007aef0000 - 0x000000007b4f1000 	C:\Program Files\MATLAB\R2010a\bin\win64\m_parser.dll
0x000000007c990000 - 0x000000007c9a4000 	C:\Program Files\MATLAB\R2010a\bin\win64\ir_xfmr.dll
0x0000000078a50000 - 0x0000000078d2f000 	C:\Program Files\MATLAB\R2010a\bin\win64\mcos.dll
0x000000007ca90000 - 0x000000007ca9c000 	C:\Program Files\MATLAB\R2010a\bin\win64\mtok.dll
0x00000000791d0000 - 0x00000000791f6000 	C:\Program Files\MATLAB\R2010a\bin\win64\m_pcodegen.dll
0x0000000001430000 - 0x0000000001482000 	C:\Program Files\MATLAB\R2010a\bin\win64\libmwspmatrix.dll
0x000007fef6f20000 - 0x000007fef7045000 	C:\Windows\system32\dbghelp.dll
0x00000000014a0000 - 0x00000000014cc000 	C:\Program Files\MATLAB\R2010a\bin\win64\libmwbridge.dll
0x000000007c4f0000 - 0x000000007c5b7000 	C:\Program Files\MATLAB\R2010a\bin\win64\udd.dll
0x000000007d4b0000 - 0x000000007d604000 	C:\Program Files\MATLAB\R2010a\bin\win64\libmwgui.dll
0x0000000079320000 - 0x0000000079acf000 	C:\Program Files\MATLAB\R2010a\bin\win64\hg.dll
0x0000000079100000 - 0x0000000079150000 	C:\Program Files\MATLAB\R2010a\bin\win64\libmat.dll
0x000000007cc60000 - 0x000000007ce7b000 	C:\Program Files\MATLAB\R2010a\bin\win64\libhdf5.dll
0x000000007a860000 - 0x000000007a8e3000 	C:\Program Files\MATLAB\R2010a\bin\win64\jmi.dll
0x000000007a790000 - 0x000000007a7d6000 	C:\Program Files\MATLAB\R2010a\bin\win64\libmwhardcopy.dll
0x000000007a8f0000 - 0x000000007a959000 	C:\Program Files\MATLAB\R2010a\bin\win64\libuij.dll
0x0000000078730000 - 0x00000000788b3000 	C:\Program Files\MATLAB\R2010a\bin\win64\hgdatatypes.dll
0x0000000078670000 - 0x0000000078721000 	C:\Program Files\MATLAB\R2010a\bin\win64\hgutils.dll
0x0000000079150000 - 0x00000000791cc000 	C:\Program Files\MATLAB\R2010a\bin\win64\libmwlapack.dll
0x000000007c9e0000 - 0x000000007c9f3000 	C:\Program Files\MATLAB\R2010a\bin\win64\libmwbinder.dll
0x000000007c5c0000 - 0x000000007c881000 	C:\Program Files\MATLAB\R2010a\bin\win64\uiw.dll
0x000000007caf0000 - 0x000000007cafa000 	C:\Program Files\MATLAB\R2010a\bin\win64\uinone.dll
0x00000000571b0000 - 0x000000005734c000 	C:\Windows\WinSxS\amd64_microsoft.vc80.mfc_1fc8b3b9a1e18e3b_8.0.50727.6195_none_8448b2bd328df189\MFC80.DLL
0x000007fef89c0000 - 0x000007fef8a31000 	C:\Windows\system32\WINSPOOL.DRV
0x000007fefe880000 - 0x000007fefea83000 	C:\Windows\system32\ole32.dll
0x000007fefdfd0000 - 0x000007fefe0a7000 	C:\Windows\system32\OLEAUT32.dll
0x000000007ae30000 - 0x000000007aee6000 	C:\Program Files\MATLAB\R2010a\bin\win64\udd_mi.dll
0x0000000079220000 - 0x000000007923f000 	C:\Program Files\MATLAB\R2010a\bin\win64\mwoles05.DLL
0x000000007aa10000 - 0x000000007aa82000 	C:\Program Files\MATLAB\R2010a\bin\win64\comcli.dll
0x000000005ef80000 - 0x000000005efa0000 	C:\Windows\WinSxS\amd64_microsoft.vc80.atl_1fc8b3b9a1e18e3b_8.0.50727.6195_none_8a1dd9552ed7f8d8\ATL80.DLL
0x000000007ca80000 - 0x000000007ca8e000 	C:\Program Files\MATLAB\R2010a\bin\win64\mlautoregister.dll
0x000007fefc960000 - 0x000007fefc9b7000 	C:\Windows\system32\apphelp.dll
0x000007fee21a0000 - 0x000007fee21f1000 	C:\Windows\AppPatch\AppPatch64\AcGenral.DLL
0x000007fefc880000 - 0x000007fefc8a5000 	C:\Windows\system32\SspiCli.dll
0x0000000069d00000 - 0x0000000069d03000 	C:\Windows\system32\sfc.dll
0x000007fef6050000 - 0x000007fef6060000 	C:\Windows\system32\sfc_os.DLL
0x000007fefcc80000 - 0x000007fefcc9e000 	C:\Windows\system32\USERENV.dll
0x000007fefcb00000 - 0x000007fefcb0f000 	C:\Windows\system32\profapi.dll
0x000007fefa840000 - 0x000007fefa858000 	C:\Windows\system32\dwmapi.dll
0x000007feefb80000 - 0x000007feefb98000 	C:\Windows\system32\MPR.dll
0x000007fefefd0000 - 0x000007fefeffe000 	C:\Windows\system32\IMM32.DLL
0x000007fefe5a0000 - 0x000007fefe6a9000 	C:\Windows\system32\MSCTF.dll
0x000007fefca30000 - 0x000007fefca62000 	C:\Windows\system32\nvinitx.dll
0x000007fefca20000 - 0x000007fefca2c000 	C:\Windows\system32\VERSION.dll
0x000000000f000000 - 0x000000000f006000 	C:\Program Files\NVIDIA Corporation\CoProcManager\detoured.dll
0x000007fef8fe0000 - 0x000007fef9012000 	C:\Program Files\NVIDIA Corporation\CoProcManager\nvd3d9wrapx.dll
0x000007fefdc60000 - 0x000007fefde37000 	C:\Windows\system32\SETUPAPI.dll
0x000007fefccf0000 - 0x000007fefcd26000 	C:\Windows\system32\CFGMGR32.dll
0x000007fefccb0000 - 0x000007fefccca000 	C:\Windows\system32\DEVOBJ.dll
0x000007fef8fb0000 - 0x000007fef8fd2000 	C:\Program Files\NVIDIA Corporation\CoProcManager\nvdxgiwrapx.dll
0x000000005efc0000 - 0x000000005efcf000 	C:\Windows\WinSxS\amd64_microsoft.vc80.mfcloc_1fc8b3b9a1e18e3b_8.0.50727.6195_none_bc20f59b0bdd1acd\MFC80DEU.DLL
0x000007fefc8b0000 - 0x000007fefc8bf000 	C:\Windows\system32\CRYPTBASE.dll
0x000007fefb030000 - 0x000007fefb086000 	C:\Windows\system32\uxtheme.dll
0x000007fefb290000 - 0x000007fefb484000 	C:\Windows\WinSxS\amd64_microsoft.windows.common-controls_6595b64144ccf1df_6.0.7601.18837_none_fa3b1e3d17594757\comctl32.dll
0x000007fefe500000 - 0x000007fefe599000 	C:\Windows\system32\CLBCatQ.DLL
0x000007fefb0e0000 - 0x000007fefb20c000 	C:\Windows\system32\propsys.dll
0x000007fefb0b0000 - 0x000007fefb0dd000 	C:\Windows\system32\ntmarta.dll
0x000007feff000000 - 0x000007feff052000 	C:\Windows\system32\WLDAP32.dll
0x000007fefa900000 - 0x000007fefa927000 	C:\Windows\system32\iphlpapi.dll
0x000007fefa8f0000 - 0x000007fefa8fb000 	C:\Windows\system32\WINNSI.DLL
0x000007fefc0c0000 - 0x000007fefc11b000 	C:\Windows\system32\DNSAPI.dll
0x000007fefa730000 - 0x000007fefa748000 	C:\Windows\system32\dhcpcsvc.DLL
0x000007fefa6d0000 - 0x000007fefa6e1000 	C:\Windows\system32\dhcpcsvc6.DLL
0x00000000705e0000 - 0x00000000705e3000 	C:\Windows\system32\icmp.Dll
0x000000006d7f0000 - 0x000000006dda8000 	C:\Program Files\MATLAB\R2010a\sys\java\jre\win64\jre\bin\server\jvm.dll
0x000007fefaac0000 - 0x000007fefaafb000 	C:\Windows\system32\WINMM.dll
0x0000000180000000 - 0x000000018004a000 	C:\Program Files\Acer\Acer ePower Management\SysHook.dll
0x000000007aba0000 - 0x000000007abaa000 	C:\Program Files\MATLAB\R2010a\sys\java\jre\win64\jre\bin\hpi.dll
0x000000007abc0000 - 0x000000007abce000 	C:\Program Files\MATLAB\R2010a\sys\java\jre\win64\jre\bin\verify.dll
0x00000000792d0000 - 0x00000000792f7000 	C:\Program Files\MATLAB\R2010a\sys\java\jre\win64\jre\bin\java.dll

VM Arguments:
jvm_args: -Xss512k -XX:PermSize=32m -Xms64m -XX:NewRatio=3 -XX:MaxPermSize=128m -Xmx196m -XX:MaxDirectMemorySize=2147400000 -Dsun.java2d.noddraw=true -Dsun.awt.nopixfmt=true -Xshare:off -Xrs -Djava.library.path=C:\Program Files\MATLAB\R2010a\bin\win64 vfprintf abort 
java_command: <unknown>
Launcher Type: generic

Environment Variables:
CLASSPATH=C:\Lindoapi\lib\win64\lindo8_0.jar
PATH=C:\ProgramData\Oracle\Java\javapath;C:\Program Files (x86)\NVIDIA Corporation\PhysX\Common;C:\Windows\System32\Wbem;C:\Lindoapi\bin\win64;C:\Program Files (x86)\Microchip\mplabc18\v3.40\mpasm;C:\Program Files (x86)\Microchip\mplabc18\v3.40\bin;C:\PROGRA~2\PICC;C:\Program Files\Microsoft SQL Server\110\Tools\Binn\;C:\Program Files (x86)\Microsoft SDKs\TypeScript\1.0\;C:\Program Files\Microsoft SQL Server\120\Tools\Binn\;C:\Program Files (x86)\Microsoft SQL Server\100\Tools\Binn\;C:\Program Files\Microsoft SQL Server\100\Tools\Binn\;C:\Program Files\Microsoft SQL Server\100\DTS\Binn\;C:\Program Files (x86)\Skype\Phone\;C:\Program Files (x86)\QuickTime\QTSystem\;C:\Program Files (x86)\Microchip\mplabc18\v3.40\mpasm;C:\Program Files (x86)\Microchip\mplabc18\v3.40\bin;C:\Program Files (x86)\MiKTeX 2.9\miktex\bin\;C:\Program Files\IBM\ILOG\CPLEX_Studio_Academic124\opl\bin\x64_win64;C:\Program Files\IBM\ILOG\CPLEX_Studio_Academic124\opl\oplide\;C:\Program Files\IBM\ILOG\CPLEX_Studio_Academic124\cplex\bin\x64_win64;C:\Program Files\IBM\ILOG\CPLEX_Studio_Academic124\cpoptimizer\bin\x64_win64;C:\Program Files\IBM\ILOG\CPLEX_Studio_Academic124\opl\bin\x64_win64;C:\Program Files\IBM\ILOG\CPLEX_Studio_Academic124\opl\oplide\;C:\Program Files\IBM\ILOG\CPLEX_Studio_Academic124\cplex\bin\x64_win64;C:\Program Files\IBM\ILOG\CPLEX_Studio_Academic124\cpoptimizer\bin\x64_win64
USERNAME=Maury
OS=Windows_NT
PROCESSOR_IDENTIFIER=Intel64 Family 6 Model 42 Stepping 7, GenuineIntel



---------------  S Y S T E M  ---------------

OS: Windows NT 6.1 Build 7601 Service Pack 1

CPU:total 4 (8 cores per cpu, 2 threads per core) family 6 model 10 stepping 7, cmov, cx8, fxsr, mmx, sse, sse2, sse3, ssse3, ht

Memory: 4k page, physical 8236912k(2463484k free), swap 16471988k(9838036k free)

vm_info: Java HotSpot(TM) 64-Bit Server VM (11.2-b01) for windows-amd64 JRE (1.6.0_12-b04), built on Jan 17 2009 01:49:05 by "java_re" with MS VC++ 8.0

time: Tue Jul 07 17:36:02 2015
elapsed time: 97178 seconds

